[INFO] Scanning for projects...
[INFO] 
[INFO] ---------------< com.alquimiasoft.minegocio:mi-negocio >----------------
[INFO] Building mi-negocio 0.0.1-SNAPSHOT
[INFO]   from pom.xml
[INFO] --------------------------------[ jar ]---------------------------------
[INFO] 
[INFO] --- clean:3.2.0:clean (default-clean) @ mi-negocio ---
[INFO] Deleting C:\Users\MB_xd\Desktop\PruebaPracticaMiNegocio\mi-negocio\target
[INFO] 
[INFO] --- resources:3.2.0:resources (default-resources) @ mi-negocio ---
[INFO] Using 'UTF-8' encoding to copy filtered resources.
[INFO] Using 'UTF-8' encoding to copy filtered properties files.
[INFO] Copying 1 resource
[INFO] Copying 0 resource
[INFO] 
[INFO] --- compiler:3.10.1:compile (default-compile) @ mi-negocio ---
[INFO] Changes detected - recompiling the module!
[INFO] Compiling 18 source files to C:\Users\MB_xd\Desktop\PruebaPracticaMiNegocio\mi-negocio\target\classes
[INFO] 
[INFO] >>> spring-boot:2.7.18:run (default-cli) > test-compile @ mi-negocio >>>
[INFO] 
[INFO] --- resources:3.2.0:resources (default-resources) @ mi-negocio ---
[INFO] Using 'UTF-8' encoding to copy filtered resources.
[INFO] Using 'UTF-8' encoding to copy filtered properties files.
[INFO] Copying 1 resource
[INFO] Copying 0 resource
[INFO] 
[INFO] --- compiler:3.10.1:compile (default-compile) @ mi-negocio ---
[INFO] Changes detected - recompiling the module!
[INFO] Compiling 18 source files to C:\Users\MB_xd\Desktop\PruebaPracticaMiNegocio\mi-negocio\target\classes
[INFO] 
[INFO] --- resources:3.2.0:testResources (default-testResources) @ mi-negocio ---
[INFO] Using 'UTF-8' encoding to copy filtered resources.
[INFO] Using 'UTF-8' encoding to copy filtered properties files.
[INFO] skip non existing resourceDirectory C:\Users\MB_xd\Desktop\PruebaPracticaMiNegocio\mi-negocio\src\test\resources
[INFO] 
[INFO] --- compiler:3.10.1:testCompile (default-testCompile) @ mi-negocio ---
[INFO] Changes detected - recompiling the module!
[INFO] Compiling 3 source files to C:\Users\MB_xd\Desktop\PruebaPracticaMiNegocio\mi-negocio\target\test-classes
[INFO] 
[INFO] <<< spring-boot:2.7.18:run (default-cli) < test-compile @ mi-negocio <<<
[INFO] 
[INFO] 
[INFO] --- spring-boot:2.7.18:run (default-cli) @ mi-negocio ---
[INFO] Attaching agents: []
[INFO] ------------------------------------------------------------------------
[INFO] BUILD FAILURE
[INFO] ------------------------------------------------------------------------
[INFO] Total time:  4.566 s
[INFO] Finished at: 2025-09-04T14:35:42-05:00
[INFO] ------------------------------------------------------------------------
[ERROR] Failed to execute goal org.springframework.boot:spring-boot-maven-plugin:2.7.18:run (default-cli) on project mi-negocio: Could not exec java: Cannot run program "C:\Program Files\Java\jdk-17\bin\java.exe" (in directory "C:\Users\MB_xd\Desktop\PruebaPracticaMiNegocio\mi-negocio"): CreateProcess error=5, Acceso denegado -> [Help 1]
[ERROR] 
[ERROR] To see the full stack trace of the errors, re-run Maven with the -e switch.
[ERROR] Re-run Maven using the -X switch to enable full debug logging.
[ERROR] 
[ERROR] For more information about the errors and possible solutions, please read the following articles:
[ERROR] [Help 1] http://cwiki.apache.org/confluence/display/MAVEN/MojoExecutionException
